<?xml version="1.0" encoding="UTF-8"?>
<!-- Generated by org.testng.reporters.JUnitXMLReporter -->
<testsuite hostname="DESKTOP-2NAMQF0" ignored="0" name="Default test" tests="4" failures="0" timestamp="2022-12-05T16:34:27 IST" time="0.093" errors="0">
  <testcase name="@BeforeTest beforemethod" time="-1.670238267147E9" classname="com.restuarant.base.BaseClass">
    <failure type="org.testng.TestNGException" message="
Parameter &amp;apos;Browser&amp;apos; is required by BeforeTest on method beforemethod but has not been marked @Optional or defined
in C:\Users\user\AppData\Local\Temp\testng-eclipse--1363490980\testng-customsuite.xml">
      <![CDATA[org.testng.TestNGException: 
Parameter 'Browser' is required by BeforeTest on method beforemethod but has not been marked @Optional or defined
in C:\Users\user\AppData\Local\Temp\testng-eclipse--1363490980\testng-customsuite.xml
at org.testng.internal.Parameters.createParams(Parameters.java:270)
at org.testng.internal.Parameters.createParametersForMethod(Parameters.java:358)
at org.testng.internal.Parameters.createParameters(Parameters.java:700)
at org.testng.internal.Parameters.createConfigurationParameters(Parameters.java:168)
at org.testng.internal.ConfigInvoker.invokeConfigurations(ConfigInvoker.java:302)
at org.testng.TestRunner.invokeTestConfigurations(TestRunner.java:637)
at org.testng.TestRunner.beforeRun(TestRunner.java:627)
at org.testng.TestRunner.run(TestRunner.java:589)
at org.testng.SuiteRunner.runTest(SuiteRunner.java:377)
at org.testng.SuiteRunner.runSequentially(SuiteRunner.java:371)
at org.testng.SuiteRunner.privateRun(SuiteRunner.java:332)
at org.testng.SuiteRunner.run(SuiteRunner.java:276)
at org.testng.SuiteRunnerWorker.runSuite(SuiteRunnerWorker.java:53)
at org.testng.SuiteRunnerWorker.run(SuiteRunnerWorker.java:96)
at org.testng.TestNG.runSuitesSequentially(TestNG.java:1212)
at org.testng.TestNG.runSuitesLocally(TestNG.java:1134)
at org.testng.TestNG.runSuites(TestNG.java:1063)
at org.testng.TestNG.run(TestNG.java:1031)
at org.testng.remote.AbstractRemoteTestNG.run(AbstractRemoteTestNG.java:115)
at org.testng.remote.RemoteTestNG.initAndRun(RemoteTestNG.java:251)
at org.testng.remote.RemoteTestNG.main(RemoteTestNG.java:77)
]]>
    </failure>
  </testcase> <!-- @BeforeTest beforemethod -->
  <testcase name="ExpenseSearch" time="0.0" classname="com.restuarant.testcases.ExpensePageTest">
    <skipped/>
  </testcase> <!-- ExpenseSearch -->
  <testcase name="AddExpence" time="0.0" classname="com.restuarant.testcases.ExpensePageTest">
    <skipped/>
  </testcase> <!-- AddExpence -->
  <testcase name="SearchExpence" time="0.0" classname="com.restuarant.testcases.ExpensePageTest">
    <skipped/>
  </testcase> <!-- SearchExpence -->
  <testcase name="DeleteExpence" time="0.0" classname="com.restuarant.testcases.ExpensePageTest">
    <skipped/>
  </testcase> <!-- DeleteExpence -->
</testsuite> <!-- Default test -->
