<?xml version="1.0" encoding="UTF-8"?>
<!-- Generated by org.testng.reporters.JUnitXMLReporter -->
<testsuite hostname="DESKTOP-2NAMQF0" ignored="10" name="Test" tests="30" failures="1" timestamp="2022-12-26T10:20:37 IST" time="239.556" errors="0">
  <testcase name="verifyLogo" time="0.065" classname="com.restuarant.testcases.LoginPageTest"/>
  <testcase name="invalidLogin" time="4.708" classname="com.restuarant.testcases.LoginPageTest"/>
  <testcase name="invalidPassword" time="4.54" classname="com.restuarant.testcases.LoginPageTest"/>
  <testcase name="invalidUsername" time="4.793" classname="com.restuarant.testcases.LoginPageTest"/>
  <testcase name="blankUsername" time="4.178" classname="com.restuarant.testcases.LoginPageTest"/>
  <testcase name="blankPassword" time="3.456" classname="com.restuarant.testcases.LoginPageTest"/>
  <testcase name="blankUsernamePassword" time="3.414" classname="com.restuarant.testcases.LoginPageTest"/>
  <testcase name="login" time="8.716" classname="com.restuarant.testcases.LoginPageTest"/>
  <testcase name="language" time="5.999" classname="com.restuarant.testcases.HomePageTest"/>
  <testcase name="SelectLangEnglish" time="5.246" classname="com.restuarant.testcases.HomePageTest"/>
  <testcase name="products" time="8.032" classname="com.restuarant.testcases.HomePageTest"/>
  <testcase name="ShowDropDown" time="4.632" classname="com.restuarant.testcases.ProductsPageTest"/>
  <testcase name="SelectSupplier" time="2.573" classname="com.restuarant.testcases.ProductsPageTest"/>
  <testcase name="ViewProduct" time="78.077" classname="com.restuarant.testcases.ProductsPageTest">
    <failure type="org.openqa.selenium.TimeoutException" message="Expected condition failed: waiting for visibility of Proxy element for: DefaultElementLocator &amp;apos;By.xpath: //td[contains(.,&amp;apos;TVM Apple shake&amp;apos;)]&amp;apos; (tried for 60 second(s) with 500 milliseconds interval)">
      <![CDATA[org.openqa.selenium.TimeoutException: Expected condition failed: waiting for visibility of Proxy element for: DefaultElementLocator 'By.xpath: //td[contains(.,'TVM Apple shake')]' (tried for 60 second(s) with 500 milliseconds interval)
at org.openqa.selenium.support.ui.WebDriverWait.timeoutException(WebDriverWait.java:87)
at org.openqa.selenium.support.ui.FluentWait.until(FluentWait.java:231)
at com.restuarant.utilities.WaitUtility.waitForElementTobeVisible(WaitUtility.java:24)
at com.restuarant.testcases.ProductsPageTest.ViewProduct(ProductsPageTest.java:59)
at java.util.ArrayList.forEach(ArrayList.java:1257)
Caused by: org.openqa.selenium.NoSuchElementException: no such element: Unable to locate element: {"method":"xpath","selector":"//td[contains(.,'TVM Apple shake')]"}
  (Session info: chrome=108.0.5359.125)
For documentation on this error, please visit: https://selenium.dev/exceptions/#no_such_element
Build info: version: '4.6.0', revision: '79f1c02ae20'
System info: os.name: 'Windows 10', os.arch: 'amd64', os.version: '10.0', java.version: '1.8.0_202'
Driver info: org.openqa.selenium.chrome.ChromeDriver
Command: [1d842139d889c8d0e23bb045ec775cf3, findElement {using=xpath, value=//td[contains(.,'TVM Apple shake')]}]
Capabilities {acceptInsecureCerts: false, browserName: chrome, browserVersion: 108.0.5359.125, chrome: {chromedriverVersion: 107.0.5304.62 (1eec40d3a576..., userDataDir: C:\Users\user\AppData\Local...}, goog:chromeOptions: {debuggerAddress: localhost:51584}, networkConnectionEnabled: false, pageLoadStrategy: normal, platformName: WINDOWS, proxy: Proxy(), se:cdp: ws://localhost:51584/devtoo..., se:cdpVersion: 108.0.5359.125, setWindowRect: true, strictFileInteractability: false, timeouts: {implicit: 0, pageLoad: 300000, script: 30000}, unhandledPromptBehavior: dismiss and notify, webauthn:extension:credBlob: true, webauthn:extension:largeBlob: true, webauthn:virtualAuthenticators: true}
Session ID: 1d842139d889c8d0e23bb045ec775cf3
at org.openqa.selenium.remote.codec.w3c.W3CHttpResponseCodec.createException(W3CHttpResponseCodec.java:200)
at org.openqa.selenium.remote.codec.w3c.W3CHttpResponseCodec.decode(W3CHttpResponseCodec.java:133)
at org.openqa.selenium.remote.codec.w3c.W3CHttpResponseCodec.decode(W3CHttpResponseCodec.java:53)
at org.openqa.selenium.remote.HttpCommandExecutor.execute(HttpCommandExecutor.java:184)
at org.openqa.selenium.remote.service.DriverCommandExecutor.invokeExecute(DriverCommandExecutor.java:167)
at org.openqa.selenium.remote.service.DriverCommandExecutor.execute(DriverCommandExecutor.java:142)
at org.openqa.selenium.remote.RemoteWebDriver.execute(RemoteWebDriver.java:541)
at org.openqa.selenium.remote.ElementLocation$ElementFinder$2.findElement(ElementLocation.java:162)
at org.openqa.selenium.remote.ElementLocation.findElement(ElementLocation.java:60)
at org.openqa.selenium.remote.RemoteWebDriver.findElement(RemoteWebDriver.java:365)
at org.openqa.selenium.remote.RemoteWebDriver.findElement(RemoteWebDriver.java:357)
at org.openqa.selenium.support.pagefactory.DefaultElementLocator.findElement(DefaultElementLocator.java:70)
at org.openqa.selenium.support.pagefactory.internal.LocatingElementHandler.invoke(LocatingElementHandler.java:39)
at com.sun.proxy.$Proxy17.isDisplayed(Unknown Source)
at org.openqa.selenium.support.ui.ExpectedConditions.elementIfVisible(ExpectedConditions.java:307)
at org.openqa.selenium.support.ui.ExpectedConditions.access$000(ExpectedConditions.java:40)
at org.openqa.selenium.support.ui.ExpectedConditions$10.apply(ExpectedConditions.java:293)
at org.openqa.selenium.support.ui.ExpectedConditions$10.apply(ExpectedConditions.java:290)
at org.openqa.selenium.support.ui.FluentWait.until(FluentWait.java:208)
... 30 more
... Removed 31 stack frames]]>
    </failure>
  </testcase> <!-- ViewProduct -->
  <testcase name="SelectAllSupplier" time="3.479" classname="com.restuarant.testcases.ProductsPageTest"/>
  <testcase name="SelectStore" time="6.015" classname="com.restuarant.testcases.StoresPageTest"/>
  <testcase name="SearchStore" time="3.187" classname="com.restuarant.testcases.StoresPageTest"/>
  <testcase name="ExpenseSearch" time="7.664" classname="com.restuarant.testcases.ExpensePageTest"/>
  <testcase name="addExpence" time="2.913" classname="com.restuarant.testcases.ExpensePageTest"/>
  <testcase name="searchExpence" time="0.472" classname="com.restuarant.testcases.ExpensePageTest"/>
  <testcase name="deleteExpence" time="18.387" classname="com.restuarant.testcases.ExpensePageTest"/>
  <testcase name="deleteExpenceCancel" time="18.311" classname="com.restuarant.testcases.ExpensePageTest"/>
  <testcase name="SalesSearch" time="1.431" classname="com.restuarant.testcases.SalesPageTest"/>
  <testcase name="SelectPeople" time="5.755" classname="com.restuarant.testcases.PeoplesPageTest"/>
  <testcase name="SearchWaiternotPresent" time="0.3" classname="com.restuarant.testcases.PeoplesPageTest"/>
  <testcase name="SearchWaiterPresent" time="3.296" classname="com.restuarant.testcases.PeoplesPageTest"/>
  <testcase name="SelectCustomer" time="5.333" classname="com.restuarant.testcases.PeoplesPageTest"/>
  <testcase name="SearchCustomernotPresent" time="3.321" classname="com.restuarant.testcases.PeoplesPageTest"/>
  <testcase name="SearchCustomerPresent" time="0.409" classname="com.restuarant.testcases.PeoplesPageTest"/>
  <testcase name="addNewCustomer" time="5.846" classname="com.restuarant.testcases.PeoplesPageTest"/>
  <testcase name="@BeforeTest beforemethod" time="0.0" classname="com.restuarant.base.BaseClass">
    <ignored/>
  </testcase> <!-- @BeforeTest beforemethod -->
  <testcase name="@BeforeTest beforemethod" time="0.0" classname="com.restuarant.base.BaseClass">
    <ignored/>
  </testcase> <!-- @BeforeTest beforemethod -->
  <testcase name="@BeforeTest beforemethod" time="0.0" classname="com.restuarant.base.BaseClass">
    <ignored/>
  </testcase> <!-- @BeforeTest beforemethod -->
  <testcase name="@BeforeTest beforemethod" time="0.0" classname="com.restuarant.base.BaseClass">
    <ignored/>
  </testcase> <!-- @BeforeTest beforemethod -->
  <testcase name="@BeforeTest beforemethod" time="0.0" classname="com.restuarant.base.BaseClass">
    <ignored/>
  </testcase> <!-- @BeforeTest beforemethod -->
  <testcase name="@AfterTest closebrowser" time="0.0" classname="com.restuarant.base.BaseClass">
    <ignored/>
  </testcase> <!-- @AfterTest closebrowser -->
  <testcase name="@AfterTest closebrowser" time="0.0" classname="com.restuarant.base.BaseClass">
    <ignored/>
  </testcase> <!-- @AfterTest closebrowser -->
  <testcase name="@AfterTest closebrowser" time="0.0" classname="com.restuarant.base.BaseClass">
    <ignored/>
  </testcase> <!-- @AfterTest closebrowser -->
  <testcase name="@AfterTest closebrowser" time="0.0" classname="com.restuarant.base.BaseClass">
    <ignored/>
  </testcase> <!-- @AfterTest closebrowser -->
  <testcase name="@AfterTest closebrowser" time="0.0" classname="com.restuarant.base.BaseClass">
    <ignored/>
  </testcase> <!-- @AfterTest closebrowser -->
</testsuite> <!-- Test -->
