<html>
<head>
<title>TestNG:  Test</title>
<link href="../testng.css" rel="stylesheet" type="text/css" />
<link href="../my-testng.css" rel="stylesheet" type="text/css" />

<style type="text/css">
.log { display: none;} 
.stack-trace { display: none;} 
</style>
<script type="text/javascript">
<!--
function flip(e) {
  current = e.style.display;
  if (current == 'block') {
    e.style.display = 'none';
    return 0;
  }
  else {
    e.style.display = 'block';
    return 1;
  }
}

function toggleBox(szDivId, elem, msg1, msg2)
{
  var res = -1;  if (document.getElementById) {
    res = flip(document.getElementById(szDivId));
  }
  else if (document.all) {
    // this is the way old msie versions work
    res = flip(document.all[szDivId]);
  }
  if(elem) {
    if(res == 0) elem.innerHTML = msg1; else elem.innerHTML = msg2;
  }

}

function toggleAllBoxes() {
  if (document.getElementsByTagName) {
    d = document.getElementsByTagName('div');
    for (i = 0; i < d.length; i++) {
      if (d[i].className == 'log') {
        flip(d[i]);
      }
    }
  }
}

// -->
</script>

</head>
<body>
<h2 align='center'>Test</h2><table border='1' align="center">
<tr>
<td>Tests passed/Failed/Skipped:</td><td>29/1/0</td>
</tr><tr>
<td>Started on:</td><td>Mon Dec 26 10:16:38 IST 2022</td>
</tr>
<tr><td>Total time:</td><td>239 seconds (239556 ms)</td>
</tr><tr>
<td>Included groups:</td><td></td>
</tr><tr>
<td>Excluded groups:</td><td></td>
</tr>
</table><p/>
<small><i>(Hover the method name to see the test class name)</i></small><p/>
<table width='100%' border='1' class='invocation-failed'>
<tr><td colspan='4' align='center'><b>FAILED TESTS</b></td></tr>
<tr><td><b>Test method</b></td>
<td width="30%"><b>Exception</b></td>
<td width="10%"><b>Time (seconds)</b></td>
<td><b>Instance</b></td>
</tr>
<tr>
<td title='com.restuarant.testcases.ProductsPageTest.ViewProduct()'><b>ViewProduct</b><br>Test class: com.restuarant.testcases.ProductsPageTest</td>
<td><div><pre>org.openqa.selenium.TimeoutException: Expected condition failed: waiting for visibility of Proxy element for: DefaultElementLocator &apos;By.xpath: //td[contains(.,&apos;TVM Apple shake&apos;)]&apos; (tried for 60 second(s) with 500 milliseconds interval)
	at org.openqa.selenium.support.ui.WebDriverWait.timeoutException(WebDriverWait.java:87)
	at org.openqa.selenium.support.ui.FluentWait.until(FluentWait.java:231)
	at com.restuarant.utilities.WaitUtility.waitForElementTobeVisible(WaitUtility.java:24)
	at com.restuarant.testcases.ProductsPageTest.ViewProduct(ProductsPageTest.java:59)
	at java.util.ArrayList.forEach(ArrayList.java:1257)
Caused by: org.openqa.selenium.NoSuchElementException: no such element: Unable to locate element: {&quot;method&quot;:&quot;xpath&quot;,&quot;selector&quot;:&quot;//td[contains(.,&apos;TVM Apple shake&apos;)]&quot;}
  (Session info: chrome=108.0.5359.125)
For documentation on this error, please visit: https://selenium.dev/exceptions/#no_such_element
Build info: version: &apos;4.6.0&apos;, revision: &apos;79f1c02ae20&apos;
System info: os.name: &apos;Windows 10&apos;, os.arch: &apos;amd64&apos;, os.version: &apos;10.0&apos;, java.version: &apos;1.8.0_202&apos;
Driver info: org.openqa.selenium.chrome.ChromeDriver
Command: [1d842139d889c8d0e23bb045ec775cf3, findElement {using=xpath, value=//td[contains(.,&apos;TVM Apple shake&apos;)]}]
Capabilities {acceptInsecureCerts: false, browserName: chrome, browserVersion: 108.0.5359.125, chrome: {chromedriverVersion: 107.0.5304.62 (1eec40d3a576..., userDataDir: C:\Users\user\AppData\Local...}, goog:chromeOptions: {debuggerAddress: localhost:51584}, networkConnectionEnabled: false, pageLoadStrategy: normal, platformName: WINDOWS, proxy: Proxy(), se:cdp: ws://localhost:51584/devtoo..., se:cdpVersion: 108.0.5359.125, setWindowRect: true, strictFileInteractability: false, timeouts: {implicit: 0, pageLoad: 300000, script: 30000}, unhandledPromptBehavior: dismiss and notify, webauthn:extension:credBlob: true, webauthn:extension:largeBlob: true, webauthn:virtualAuthenticators: true}
Session ID: 1d842139d889c8d0e23bb045ec775cf3
	at org.openqa.selenium.remote.codec.w3c.W3CHttpResponseCodec.createException(W3CHttpResponseCodec.java:200)
	at org.openqa.selenium.remote.codec.w3c.W3CHttpResponseCodec.decode(W3CHttpResponseCodec.java:133)
	at org.openqa.selenium.remote.codec.w3c.W3CHttpResponseCodec.decode(W3CHttpResponseCodec.java:53)
	at org.openqa.selenium.remote.HttpCommandExecutor.execute(HttpCommandExecutor.java:184)
	at org.openqa.selenium.remote.service.DriverCommandExecutor.invokeExecute(DriverCommandExecutor.java:167)
	at org.openqa.selenium.remote.service.DriverCommandExecutor.execute(DriverCommandExecutor.java:142)
	at org.openqa.selenium.remote.RemoteWebDriver.execute(RemoteWebDriver.java:541)
	at org.openqa.selenium.remote.ElementLocation$ElementFinder$2.findElement(ElementLocation.java:162)
	at org.openqa.selenium.remote.ElementLocation.findElement(ElementLocation.java:60)
	at org.openqa.selenium.remote.RemoteWebDriver.findElement(RemoteWebDriver.java:365)
	at org.openqa.selenium.remote.RemoteWebDriver.findElement(RemoteWebDriver.java:357)
	at org.openqa.selenium.support.pagefactory.DefaultElementLocator.findElement(DefaultElementLocator.java:70)
	at org.openqa.selenium.support.pagefactory.internal.LocatingElementHandler.invoke(LocatingElementHandler.java:39)
	at com.sun.proxy.$Proxy17.isDisplayed(Unknown Source)
	at org.openqa.selenium.support.ui.ExpectedConditions.elementIfVisible(ExpectedConditions.java:307)
	at org.openqa.selenium.support.ui.ExpectedConditions.access$000(ExpectedConditions.java:40)
	at org.openqa.selenium.support.ui.ExpectedConditions$10.apply(ExpectedConditions.java:293)
	at org.openqa.selenium.support.ui.ExpectedConditions$10.apply(ExpectedConditions.java:290)
	at org.openqa.selenium.support.ui.FluentWait.until(FluentWait.java:208)
	... 30 more
... Removed 31 stack frames</pre></div><a href='#' onClick='toggleBox("stack-trace1053856141", this, "Click to show all stack frames", "Click to hide stack frames")'>Click to show all stack frames</a>
<div class='stack-trace' id='stack-trace1053856141'><pre>org.openqa.selenium.TimeoutException: Expected condition failed: waiting for visibility of Proxy element for: DefaultElementLocator &apos;By.xpath: //td[contains(.,&apos;TVM Apple shake&apos;)]&apos; (tried for 60 second(s) with 500 milliseconds interval)
	at org.openqa.selenium.support.ui.WebDriverWait.timeoutException(WebDriverWait.java:87)
	at org.openqa.selenium.support.ui.FluentWait.until(FluentWait.java:231)
	at com.restuarant.utilities.WaitUtility.waitForElementTobeVisible(WaitUtility.java:24)
	at com.restuarant.testcases.ProductsPageTest.ViewProduct(ProductsPageTest.java:59)
	at sun.reflect.NativeMethodAccessorImpl.invoke0(Native Method)
	at sun.reflect.NativeMethodAccessorImpl.invoke(NativeMethodAccessorImpl.java:62)
	at sun.reflect.DelegatingMethodAccessorImpl.invoke(DelegatingMethodAccessorImpl.java:43)
	at java.lang.reflect.Method.invoke(Method.java:498)
	at org.testng.internal.MethodInvocationHelper.invokeMethod(MethodInvocationHelper.java:133)
	at org.testng.internal.TestInvoker.invokeMethod(TestInvoker.java:598)
	at org.testng.internal.TestInvoker.invokeTestMethod(TestInvoker.java:173)
	at org.testng.internal.MethodRunner.runInSequence(MethodRunner.java:46)
	at org.testng.internal.TestInvoker$MethodInvocationAgent.invoke(TestInvoker.java:824)
	at org.testng.internal.TestInvoker.invokeTestMethods(TestInvoker.java:146)
	at org.testng.internal.TestMethodWorker.invokeTestMethods(TestMethodWorker.java:146)
	at org.testng.internal.TestMethodWorker.run(TestMethodWorker.java:128)
	at java.util.ArrayList.forEach(ArrayList.java:1257)
	at org.testng.TestRunner.privateRun(TestRunner.java:794)
	at org.testng.TestRunner.run(TestRunner.java:596)
	at org.testng.SuiteRunner.runTest(SuiteRunner.java:377)
	at org.testng.SuiteRunner.runSequentially(SuiteRunner.java:371)
	at org.testng.SuiteRunner.privateRun(SuiteRunner.java:332)
	at org.testng.SuiteRunner.run(SuiteRunner.java:276)
	at org.testng.SuiteRunnerWorker.runSuite(SuiteRunnerWorker.java:53)
	at org.testng.SuiteRunnerWorker.run(SuiteRunnerWorker.java:96)
	at org.testng.TestNG.runSuitesSequentially(TestNG.java:1212)
	at org.testng.TestNG.runSuitesLocally(TestNG.java:1134)
	at org.testng.TestNG.runSuites(TestNG.java:1063)
	at org.testng.TestNG.run(TestNG.java:1031)
	at org.testng.remote.AbstractRemoteTestNG.run(AbstractRemoteTestNG.java:115)
	at org.testng.remote.RemoteTestNG.initAndRun(RemoteTestNG.java:251)
	at org.testng.remote.RemoteTestNG.main(RemoteTestNG.java:77)
Caused by: org.openqa.selenium.NoSuchElementException: no such element: Unable to locate element: {&quot;method&quot;:&quot;xpath&quot;,&quot;selector&quot;:&quot;//td[contains(.,&apos;TVM Apple shake&apos;)]&quot;}
  (Session info: chrome=108.0.5359.125)
For documentation on this error, please visit: https://selenium.dev/exceptions/#no_such_element
Build info: version: &apos;4.6.0&apos;, revision: &apos;79f1c02ae20&apos;
System info: os.name: &apos;Windows 10&apos;, os.arch: &apos;amd64&apos;, os.version: &apos;10.0&apos;, java.version: &apos;1.8.0_202&apos;
Driver info: org.openqa.selenium.chrome.ChromeDriver
Command: [1d842139d889c8d0e23bb045ec775cf3, findElement {using=xpath, value=//td[contains(.,&apos;TVM Apple shake&apos;)]}]
Capabilities {acceptInsecureCerts: false, browserName: chrome, browserVersion: 108.0.5359.125, chrome: {chromedriverVersion: 107.0.5304.62 (1eec40d3a576..., userDataDir: C:\Users\user\AppData\Local...}, goog:chromeOptions: {debuggerAddress: localhost:51584}, networkConnectionEnabled: false, pageLoadStrategy: normal, platformName: WINDOWS, proxy: Proxy(), se:cdp: ws://localhost:51584/devtoo..., se:cdpVersion: 108.0.5359.125, setWindowRect: true, strictFileInteractability: false, timeouts: {implicit: 0, pageLoad: 300000, script: 30000}, unhandledPromptBehavior: dismiss and notify, webauthn:extension:credBlob: true, webauthn:extension:largeBlob: true, webauthn:virtualAuthenticators: true}
Session ID: 1d842139d889c8d0e23bb045ec775cf3
	at sun.reflect.NativeConstructorAccessorImpl.newInstance0(Native Method)
	at sun.reflect.NativeConstructorAccessorImpl.newInstance(NativeConstructorAccessorImpl.java:62)
	at sun.reflect.DelegatingConstructorAccessorImpl.newInstance(DelegatingConstructorAccessorImpl.java:45)
	at java.lang.reflect.Constructor.newInstance(Constructor.java:423)
	at org.openqa.selenium.remote.codec.w3c.W3CHttpResponseCodec.createException(W3CHttpResponseCodec.java:200)
	at org.openqa.selenium.remote.codec.w3c.W3CHttpResponseCodec.decode(W3CHttpResponseCodec.java:133)
	at org.openqa.selenium.remote.codec.w3c.W3CHttpResponseCodec.decode(W3CHttpResponseCodec.java:53)
	at org.openqa.selenium.remote.HttpCommandExecutor.execute(HttpCommandExecutor.java:184)
	at org.openqa.selenium.remote.service.DriverCommandExecutor.invokeExecute(DriverCommandExecutor.java:167)
	at org.openqa.selenium.remote.service.DriverCommandExecutor.execute(DriverCommandExecutor.java:142)
	at org.openqa.selenium.remote.RemoteWebDriver.execute(RemoteWebDriver.java:541)
	at org.openqa.selenium.remote.ElementLocation$ElementFinder$2.findElement(ElementLocation.java:162)
	at org.openqa.selenium.remote.ElementLocation.findElement(ElementLocation.java:60)
	at org.openqa.selenium.remote.RemoteWebDriver.findElement(RemoteWebDriver.java:365)
	at org.openqa.selenium.remote.RemoteWebDriver.findElement(RemoteWebDriver.java:357)
	at org.openqa.selenium.support.pagefactory.DefaultElementLocator.findElement(DefaultElementLocator.java:70)
	at org.openqa.selenium.support.pagefactory.internal.LocatingElementHandler.invoke(LocatingElementHandler.java:39)
	at com.sun.proxy.$Proxy17.isDisplayed(Unknown Source)
	at org.openqa.selenium.support.ui.ExpectedConditions.elementIfVisible(ExpectedConditions.java:307)
	at org.openqa.selenium.support.ui.ExpectedConditions.access$000(ExpectedConditions.java:40)
	at org.openqa.selenium.support.ui.ExpectedConditions$10.apply(ExpectedConditions.java:293)
	at org.openqa.selenium.support.ui.ExpectedConditions$10.apply(ExpectedConditions.java:290)
	at org.openqa.selenium.support.ui.FluentWait.until(FluentWait.java:208)
	... 30 more
</pre></div></td>
<td>78</td>
<td>com.restuarant.testcases.ProductsPageTest@77846d2c</td></tr>
</table><p>
<table width='100%' border='1' class='invocation-passed'>
<tr><td colspan='4' align='center'><b>PASSED TESTS</b></td></tr>
<tr><td><b>Test method</b></td>
<td width="30%"><b>Exception</b></td>
<td width="10%"><b>Time (seconds)</b></td>
<td><b>Instance</b></td>
</tr>
<tr>
<td title='com.restuarant.testcases.PeoplesPageTest.SearchCustomernotPresent()'><b>SearchCustomernotPresent</b><br>Test class: com.restuarant.testcases.PeoplesPageTest</td>
<td></td>
<td>3</td>
<td>com.restuarant.testcases.PeoplesPageTest@fcd6521</td></tr>
<tr>
<td title='com.restuarant.testcases.StoresPageTest.SearchStore()'><b>SearchStore</b><br>Test class: com.restuarant.testcases.StoresPageTest</td>
<td></td>
<td>3</td>
<td>com.restuarant.testcases.StoresPageTest@548ad73b</td></tr>
<tr>
<td title='com.restuarant.testcases.LoginPageTest.verifyLogo()'><b>verifyLogo</b><br>Test class: com.restuarant.testcases.LoginPageTest</td>
<td></td>
<td>0</td>
<td>com.restuarant.testcases.LoginPageTest@2de8284b</td></tr>
<tr>
<td title='com.restuarant.testcases.PeoplesPageTest.SearchWaiterPresent()'><b>SearchWaiterPresent</b><br>Test class: com.restuarant.testcases.PeoplesPageTest</td>
<td></td>
<td>3</td>
<td>com.restuarant.testcases.PeoplesPageTest@fcd6521</td></tr>
<tr>
<td title='com.restuarant.testcases.HomePageTest.language()'><b>language</b><br>Test class: com.restuarant.testcases.HomePageTest</td>
<td></td>
<td>5</td>
<td>com.restuarant.testcases.HomePageTest@4cf4d528</td></tr>
<tr>
<td title='com.restuarant.testcases.LoginPageTest.blankPassword()'><b>blankPassword</b><br>Test class: com.restuarant.testcases.LoginPageTest<br>Parameters: adminq, </td>
<td></td>
<td>3</td>
<td>com.restuarant.testcases.LoginPageTest@2de8284b</td></tr>
<tr>
<td title='com.restuarant.testcases.LoginPageTest.invalidLogin()'><b>invalidLogin</b><br>Test class: com.restuarant.testcases.LoginPageTest<br>Parameters: adminq, passwordd</td>
<td></td>
<td>4</td>
<td>com.restuarant.testcases.LoginPageTest@2de8284b</td></tr>
<tr>
<td title='com.restuarant.testcases.PeoplesPageTest.SearchWaiternotPresent()'><b>SearchWaiternotPresent</b><br>Test class: com.restuarant.testcases.PeoplesPageTest</td>
<td></td>
<td>0</td>
<td>com.restuarant.testcases.PeoplesPageTest@fcd6521</td></tr>
<tr>
<td title='com.restuarant.testcases.ExpensePageTest.addExpence()'><b>addExpence</b><br>Test class: com.restuarant.testcases.ExpensePageTest</td>
<td></td>
<td>2</td>
<td>com.restuarant.testcases.ExpensePageTest@2f0a87b3</td></tr>
<tr>
<td title='com.restuarant.testcases.LoginPageTest.blankUsername()'><b>blankUsername</b><br>Test class: com.restuarant.testcases.LoginPageTest<br>Parameters: , password</td>
<td></td>
<td>4</td>
<td>com.restuarant.testcases.LoginPageTest@2de8284b</td></tr>
<tr>
<td title='com.restuarant.testcases.PeoplesPageTest.SelectPeople()'><b>SelectPeople</b><br>Test class: com.restuarant.testcases.PeoplesPageTest</td>
<td></td>
<td>5</td>
<td>com.restuarant.testcases.PeoplesPageTest@fcd6521</td></tr>
<tr>
<td title='com.restuarant.testcases.ExpensePageTest.ExpenseSearch()'><b>ExpenseSearch</b><br>Test class: com.restuarant.testcases.ExpensePageTest</td>
<td></td>
<td>7</td>
<td>com.restuarant.testcases.ExpensePageTest@2f0a87b3</td></tr>
<tr>
<td title='com.restuarant.testcases.HomePageTest.SelectLangEnglish()'><b>SelectLangEnglish</b><br>Test class: com.restuarant.testcases.HomePageTest</td>
<td></td>
<td>5</td>
<td>com.restuarant.testcases.HomePageTest@4cf4d528</td></tr>
<tr>
<td title='com.restuarant.testcases.ExpensePageTest.searchExpence()'><b>searchExpence</b><br>Test class: com.restuarant.testcases.ExpensePageTest</td>
<td></td>
<td>0</td>
<td>com.restuarant.testcases.ExpensePageTest@2f0a87b3</td></tr>
<tr>
<td title='com.restuarant.testcases.ProductsPageTest.SelectSupplier()'><b>SelectSupplier</b><br>Test class: com.restuarant.testcases.ProductsPageTest</td>
<td></td>
<td>2</td>
<td>com.restuarant.testcases.ProductsPageTest@77846d2c</td></tr>
<tr>
<td title='com.restuarant.testcases.LoginPageTest.invalidUsername()'><b>invalidUsername</b><br>Test class: com.restuarant.testcases.LoginPageTest<br>Parameters: adminq, password</td>
<td></td>
<td>4</td>
<td>com.restuarant.testcases.LoginPageTest@2de8284b</td></tr>
<tr>
<td title='com.restuarant.testcases.ProductsPageTest.ShowDropDown()'><b>ShowDropDown</b><br>Test class: com.restuarant.testcases.ProductsPageTest</td>
<td></td>
<td>4</td>
<td>com.restuarant.testcases.ProductsPageTest@77846d2c</td></tr>
<tr>
<td title='com.restuarant.testcases.ExpensePageTest.deleteExpenceCancel()'><b>deleteExpenceCancel</b><br>Test class: com.restuarant.testcases.ExpensePageTest</td>
<td></td>
<td>18</td>
<td>com.restuarant.testcases.ExpensePageTest@2f0a87b3</td></tr>
<tr>
<td title='com.restuarant.testcases.SalesPageTest.SalesSearch()'><b>SalesSearch</b><br>Test class: com.restuarant.testcases.SalesPageTest</td>
<td></td>
<td>1</td>
<td>com.restuarant.testcases.SalesPageTest@319b92f3</td></tr>
<tr>
<td title='com.restuarant.testcases.LoginPageTest.blankUsernamePassword()'><b>blankUsernamePassword</b><br>Test class: com.restuarant.testcases.LoginPageTest<br>Parameters: , </td>
<td></td>
<td>3</td>
<td>com.restuarant.testcases.LoginPageTest@2de8284b</td></tr>
<tr>
<td title='com.restuarant.testcases.PeoplesPageTest.addNewCustomer()'><b>addNewCustomer</b><br>Test class: com.restuarant.testcases.PeoplesPageTest</td>
<td></td>
<td>5</td>
<td>com.restuarant.testcases.PeoplesPageTest@fcd6521</td></tr>
<tr>
<td title='com.restuarant.testcases.ExpensePageTest.deleteExpence()'><b>deleteExpence</b><br>Test class: com.restuarant.testcases.ExpensePageTest</td>
<td></td>
<td>18</td>
<td>com.restuarant.testcases.ExpensePageTest@2f0a87b3</td></tr>
<tr>
<td title='com.restuarant.testcases.StoresPageTest.SelectStore()'><b>SelectStore</b><br>Test class: com.restuarant.testcases.StoresPageTest</td>
<td></td>
<td>6</td>
<td>com.restuarant.testcases.StoresPageTest@548ad73b</td></tr>
<tr>
<td title='com.restuarant.testcases.PeoplesPageTest.SelectCustomer()'><b>SelectCustomer</b><br>Test class: com.restuarant.testcases.PeoplesPageTest</td>
<td></td>
<td>5</td>
<td>com.restuarant.testcases.PeoplesPageTest@fcd6521</td></tr>
<tr>
<td title='com.restuarant.testcases.HomePageTest.products()'><b>products</b><br>Test class: com.restuarant.testcases.HomePageTest</td>
<td></td>
<td>8</td>
<td>com.restuarant.testcases.HomePageTest@4cf4d528</td></tr>
<tr>
<td title='com.restuarant.testcases.LoginPageTest.invalidPassword()'><b>invalidPassword</b><br>Test class: com.restuarant.testcases.LoginPageTest<br>Parameters: admin, passwordd</td>
<td></td>
<td>4</td>
<td>com.restuarant.testcases.LoginPageTest@2de8284b</td></tr>
<tr>
<td title='com.restuarant.testcases.ProductsPageTest.SelectAllSupplier()'><b>SelectAllSupplier</b><br>Test class: com.restuarant.testcases.ProductsPageTest</td>
<td></td>
<td>3</td>
<td>com.restuarant.testcases.ProductsPageTest@77846d2c</td></tr>
<tr>
<td title='com.restuarant.testcases.LoginPageTest.login()'><b>login</b><br>Test class: com.restuarant.testcases.LoginPageTest</td>
<td></td>
<td>8</td>
<td>com.restuarant.testcases.LoginPageTest@2de8284b</td></tr>
<tr>
<td title='com.restuarant.testcases.PeoplesPageTest.SearchCustomerPresent()'><b>SearchCustomerPresent</b><br>Test class: com.restuarant.testcases.PeoplesPageTest</td>
<td></td>
<td>0</td>
<td>com.restuarant.testcases.PeoplesPageTest@fcd6521</td></tr>
</table><p>
</body>
</html>