<?xml version="1.0" encoding="UTF-8"?>
<testng-results skipped="0" failed="1" ignored="10" total="40" passed="29">
  <reporter-output>
  </reporter-output>
  <suite name="Suite" duration-ms="239556" started-at="2022-12-26T10:16:38 IST" finished-at="2022-12-26T10:20:37 IST">
    <groups>
    </groups>
    <test name="Test" duration-ms="239556" started-at="2022-12-26T10:16:38 IST" finished-at="2022-12-26T10:20:37 IST">
      <class name="com.restuarant.testcases.ProductsPageTest">
        <test-method status="PASS" signature="ShowDropDown()[pri:0, instance:com.restuarant.testcases.ProductsPageTest@77846d2c]" name="ShowDropDown" duration-ms="4632" started-at="2022-12-26T10:17:45 IST" finished-at="2022-12-26T10:17:50 IST">
          <reporter-output>
          </reporter-output>
        </test-method> <!-- ShowDropDown -->
        <test-method status="PASS" signature="SelectSupplier()[pri:1, instance:com.restuarant.testcases.ProductsPageTest@77846d2c]" name="SelectSupplier" duration-ms="2573" started-at="2022-12-26T10:17:50 IST" finished-at="2022-12-26T10:17:52 IST">
          <reporter-output>
          </reporter-output>
        </test-method> <!-- SelectSupplier -->
        <test-method status="FAIL" signature="ViewProduct()[pri:2, instance:com.restuarant.testcases.ProductsPageTest@77846d2c]" name="ViewProduct" duration-ms="78077" started-at="2022-12-26T10:17:52 IST" finished-at="2022-12-26T10:19:11 IST">
          <exception class="org.openqa.selenium.TimeoutException">
            <message>
              <![CDATA[Expected condition failed: waiting for visibility of Proxy element for: DefaultElementLocator 'By.xpath: //td[contains(.,'TVM Apple shake')]' (tried for 60 second(s) with 500 milliseconds interval)]]>
            </message>
            <full-stacktrace>
              <![CDATA[org.openqa.selenium.TimeoutException: Expected condition failed: waiting for visibility of Proxy element for: DefaultElementLocator 'By.xpath: //td[contains(.,'TVM Apple shake')]' (tried for 60 second(s) with 500 milliseconds interval)
at org.openqa.selenium.support.ui.WebDriverWait.timeoutException(WebDriverWait.java:87)
at org.openqa.selenium.support.ui.FluentWait.until(FluentWait.java:231)
at com.restuarant.utilities.WaitUtility.waitForElementTobeVisible(WaitUtility.java:24)
at com.restuarant.testcases.ProductsPageTest.ViewProduct(ProductsPageTest.java:59)
at sun.reflect.NativeMethodAccessorImpl.invoke0(Native Method)
at sun.reflect.NativeMethodAccessorImpl.invoke(NativeMethodAccessorImpl.java:62)
at sun.reflect.DelegatingMethodAccessorImpl.invoke(DelegatingMethodAccessorImpl.java:43)
at java.lang.reflect.Method.invoke(Method.java:498)
at org.testng.internal.MethodInvocationHelper.invokeMethod(MethodInvocationHelper.java:133)
at org.testng.internal.TestInvoker.invokeMethod(TestInvoker.java:598)
at org.testng.internal.TestInvoker.invokeTestMethod(TestInvoker.java:173)
at org.testng.internal.MethodRunner.runInSequence(MethodRunner.java:46)
at org.testng.internal.TestInvoker$MethodInvocationAgent.invoke(TestInvoker.java:824)
at org.testng.internal.TestInvoker.invokeTestMethods(TestInvoker.java:146)
at org.testng.internal.TestMethodWorker.invokeTestMethods(TestMethodWorker.java:146)
at org.testng.internal.TestMethodWorker.run(TestMethodWorker.java:128)
at java.util.ArrayList.forEach(ArrayList.java:1257)
at org.testng.TestRunner.privateRun(TestRunner.java:794)
at org.testng.TestRunner.run(TestRunner.java:596)
at org.testng.SuiteRunner.runTest(SuiteRunner.java:377)
at org.testng.SuiteRunner.runSequentially(SuiteRunner.java:371)
at org.testng.SuiteRunner.privateRun(SuiteRunner.java:332)
at org.testng.SuiteRunner.run(SuiteRunner.java:276)
at org.testng.SuiteRunnerWorker.runSuite(SuiteRunnerWorker.java:53)
at org.testng.SuiteRunnerWorker.run(SuiteRunnerWorker.java:96)
at org.testng.TestNG.runSuitesSequentially(TestNG.java:1212)
at org.testng.TestNG.runSuitesLocally(TestNG.java:1134)
at org.testng.TestNG.runSuites(TestNG.java:1063)
at org.testng.TestNG.run(TestNG.java:1031)
at org.testng.remote.AbstractRemoteTestNG.run(AbstractRemoteTestNG.java:115)
at org.testng.remote.RemoteTestNG.initAndRun(RemoteTestNG.java:251)
at org.testng.remote.RemoteTestNG.main(RemoteTestNG.java:77)
Caused by: org.openqa.selenium.NoSuchElementException: no such element: Unable to locate element: {"method":"xpath","selector":"//td[contains(.,'TVM Apple shake')]"}
  (Session info: chrome=108.0.5359.125)
For documentation on this error, please visit: https://selenium.dev/exceptions/#no_such_element
Build info: version: '4.6.0', revision: '79f1c02ae20'
System info: os.name: 'Windows 10', os.arch: 'amd64', os.version: '10.0', java.version: '1.8.0_202'
Driver info: org.openqa.selenium.chrome.ChromeDriver
Command: [1d842139d889c8d0e23bb045ec775cf3, findElement {using=xpath, value=//td[contains(.,'TVM Apple shake')]}]
Capabilities {acceptInsecureCerts: false, browserName: chrome, browserVersion: 108.0.5359.125, chrome: {chromedriverVersion: 107.0.5304.62 (1eec40d3a576..., userDataDir: C:\Users\user\AppData\Local...}, goog:chromeOptions: {debuggerAddress: localhost:51584}, networkConnectionEnabled: false, pageLoadStrategy: normal, platformName: WINDOWS, proxy: Proxy(), se:cdp: ws://localhost:51584/devtoo..., se:cdpVersion: 108.0.5359.125, setWindowRect: true, strictFileInteractability: false, timeouts: {implicit: 0, pageLoad: 300000, script: 30000}, unhandledPromptBehavior: dismiss and notify, webauthn:extension:credBlob: true, webauthn:extension:largeBlob: true, webauthn:virtualAuthenticators: true}
Session ID: 1d842139d889c8d0e23bb045ec775cf3
at sun.reflect.NativeConstructorAccessorImpl.newInstance0(Native Method)
at sun.reflect.NativeConstructorAccessorImpl.newInstance(NativeConstructorAccessorImpl.java:62)
at sun.reflect.DelegatingConstructorAccessorImpl.newInstance(DelegatingConstructorAccessorImpl.java:45)
at java.lang.reflect.Constructor.newInstance(Constructor.java:423)
at org.openqa.selenium.remote.codec.w3c.W3CHttpResponseCodec.createException(W3CHttpResponseCodec.java:200)
at org.openqa.selenium.remote.codec.w3c.W3CHttpResponseCodec.decode(W3CHttpResponseCodec.java:133)
at org.openqa.selenium.remote.codec.w3c.W3CHttpResponseCodec.decode(W3CHttpResponseCodec.java:53)
at org.openqa.selenium.remote.HttpCommandExecutor.execute(HttpCommandExecutor.java:184)
at org.openqa.selenium.remote.service.DriverCommandExecutor.invokeExecute(DriverCommandExecutor.java:167)
at org.openqa.selenium.remote.service.DriverCommandExecutor.execute(DriverCommandExecutor.java:142)
at org.openqa.selenium.remote.RemoteWebDriver.execute(RemoteWebDriver.java:541)
at org.openqa.selenium.remote.ElementLocation$ElementFinder$2.findElement(ElementLocation.java:162)
at org.openqa.selenium.remote.ElementLocation.findElement(ElementLocation.java:60)
at org.openqa.selenium.remote.RemoteWebDriver.findElement(RemoteWebDriver.java:365)
at org.openqa.selenium.remote.RemoteWebDriver.findElement(RemoteWebDriver.java:357)
at org.openqa.selenium.support.pagefactory.DefaultElementLocator.findElement(DefaultElementLocator.java:70)
at org.openqa.selenium.support.pagefactory.internal.LocatingElementHandler.invoke(LocatingElementHandler.java:39)
at com.sun.proxy.$Proxy17.isDisplayed(Unknown Source)
at org.openqa.selenium.support.ui.ExpectedConditions.elementIfVisible(ExpectedConditions.java:307)
at org.openqa.selenium.support.ui.ExpectedConditions.access$000(ExpectedConditions.java:40)
at org.openqa.selenium.support.ui.ExpectedConditions$10.apply(ExpectedConditions.java:293)
at org.openqa.selenium.support.ui.ExpectedConditions$10.apply(ExpectedConditions.java:290)
at org.openqa.selenium.support.ui.FluentWait.until(FluentWait.java:208)
... 30 more
]]>
            </full-stacktrace>
          </exception> <!-- org.openqa.selenium.TimeoutException -->
          <reporter-output>
          </reporter-output>
        </test-method> <!-- ViewProduct -->
        <test-method status="PASS" signature="SelectAllSupplier()[pri:3, instance:com.restuarant.testcases.ProductsPageTest@77846d2c]" name="SelectAllSupplier" duration-ms="3479" started-at="2022-12-26T10:19:11 IST" finished-at="2022-12-26T10:19:14 IST">
          <reporter-output>
          </reporter-output>
        </test-method> <!-- SelectAllSupplier -->
      </class> <!-- com.restuarant.testcases.ProductsPageTest -->
      <class name="com.restuarant.testcases.SalesPageTest">
        <test-method status="PASS" signature="SalesSearch()[pri:0, instance:com.restuarant.testcases.SalesPageTest@319b92f3]" name="SalesSearch" duration-ms="1431" started-at="2022-12-26T10:20:11 IST" finished-at="2022-12-26T10:20:12 IST">
          <reporter-output>
          </reporter-output>
        </test-method> <!-- SalesSearch -->
        <test-method status="PASS" signature="aftermethod(org.testng.ITestResult)[pri:0, instance:com.restuarant.testcases.SalesPageTest@319b92f3]" name="aftermethod" is-config="true" duration-ms="0" started-at="2022-12-26T10:20:12 IST" finished-at="2022-12-26T10:20:12 IST">
          <params>
            <param index="0">
              <value>
                <![CDATA[[TestResult name=SalesSearch status=SUCCESS method=SalesPageTest.SalesSearch()[pri:0, instance:com.restuarant.testcases.SalesPageTest@319b92f3] output={null}]]]>
              </value>
            </param>
          </params>
          <reporter-output>
          </reporter-output>
        </test-method> <!-- aftermethod -->
      </class> <!-- com.restuarant.testcases.SalesPageTest -->
      <class name="com.restuarant.testcases.StoresPageTest">
        <test-method status="PASS" signature="SelectStore()[pri:1, instance:com.restuarant.testcases.StoresPageTest@548ad73b]" name="SelectStore" duration-ms="6015" started-at="2022-12-26T10:19:14 IST" finished-at="2022-12-26T10:19:20 IST">
          <reporter-output>
          </reporter-output>
        </test-method> <!-- SelectStore -->
        <test-method status="PASS" signature="aftermethod(org.testng.ITestResult)[pri:0, instance:com.restuarant.testcases.StoresPageTest@548ad73b]" name="aftermethod" is-config="true" duration-ms="1" started-at="2022-12-26T10:19:20 IST" finished-at="2022-12-26T10:19:20 IST">
          <params>
            <param index="0">
              <value>
                <![CDATA[[TestResult name=SelectStore status=SUCCESS method=StoresPageTest.SelectStore()[pri:1, instance:com.restuarant.testcases.StoresPageTest@548ad73b] output={null}]]]>
              </value>
            </param>
          </params>
          <reporter-output>
          </reporter-output>
        </test-method> <!-- aftermethod -->
        <test-method status="PASS" signature="SearchStore()[pri:2, instance:com.restuarant.testcases.StoresPageTest@548ad73b]" name="SearchStore" duration-ms="3187" started-at="2022-12-26T10:19:20 IST" finished-at="2022-12-26T10:19:23 IST">
          <reporter-output>
          </reporter-output>
        </test-method> <!-- SearchStore -->
        <test-method status="PASS" signature="aftermethod(org.testng.ITestResult)[pri:0, instance:com.restuarant.testcases.StoresPageTest@548ad73b]" name="aftermethod" is-config="true" duration-ms="1" started-at="2022-12-26T10:19:23 IST" finished-at="2022-12-26T10:19:23 IST">
          <params>
            <param index="0">
              <value>
                <![CDATA[[TestResult name=SearchStore status=SUCCESS method=StoresPageTest.SearchStore()[pri:2, instance:com.restuarant.testcases.StoresPageTest@548ad73b] output={null}]]]>
              </value>
            </param>
          </params>
          <reporter-output>
          </reporter-output>
        </test-method> <!-- aftermethod -->
      </class> <!-- com.restuarant.testcases.StoresPageTest -->
      <class name="com.restuarant.testcases.HomePageTest">
        <test-method status="PASS" signature="language()[pri:0, instance:com.restuarant.testcases.HomePageTest@4cf4d528]" name="language" duration-ms="5999" started-at="2022-12-26T10:17:26 IST" finished-at="2022-12-26T10:17:32 IST">
          <reporter-output>
          </reporter-output>
        </test-method> <!-- language -->
        <test-method status="PASS" signature="aftermethod(org.testng.ITestResult)[pri:0, instance:com.restuarant.testcases.HomePageTest@4cf4d528]" name="aftermethod" is-config="true" duration-ms="0" started-at="2022-12-26T10:17:32 IST" finished-at="2022-12-26T10:17:32 IST">
          <params>
            <param index="0">
              <value>
                <![CDATA[[TestResult name=language status=SUCCESS method=HomePageTest.language()[pri:0, instance:com.restuarant.testcases.HomePageTest@4cf4d528] output={null}]]]>
              </value>
            </param>
          </params>
          <reporter-output>
          </reporter-output>
        </test-method> <!-- aftermethod -->
        <test-method status="PASS" signature="SelectLangEnglish()[pri:1, instance:com.restuarant.testcases.HomePageTest@4cf4d528]" name="SelectLangEnglish" duration-ms="5246" started-at="2022-12-26T10:17:32 IST" finished-at="2022-12-26T10:17:37 IST">
          <reporter-output>
          </reporter-output>
        </test-method> <!-- SelectLangEnglish -->
        <test-method status="PASS" signature="aftermethod(org.testng.ITestResult)[pri:0, instance:com.restuarant.testcases.HomePageTest@4cf4d528]" name="aftermethod" is-config="true" duration-ms="1" started-at="2022-12-26T10:17:37 IST" finished-at="2022-12-26T10:17:37 IST">
          <params>
            <param index="0">
              <value>
                <![CDATA[[TestResult name=SelectLangEnglish status=SUCCESS method=HomePageTest.SelectLangEnglish()[pri:1, instance:com.restuarant.testcases.HomePageTest@4cf4d528] output={null}]]]>
              </value>
            </param>
          </params>
          <reporter-output>
          </reporter-output>
        </test-method> <!-- aftermethod -->
        <test-method status="PASS" signature="products()[pri:2, instance:com.restuarant.testcases.HomePageTest@4cf4d528]" name="products" duration-ms="8032" started-at="2022-12-26T10:17:37 IST" finished-at="2022-12-26T10:17:45 IST">
          <reporter-output>
          </reporter-output>
        </test-method> <!-- products -->
        <test-method status="PASS" signature="aftermethod(org.testng.ITestResult)[pri:0, instance:com.restuarant.testcases.HomePageTest@4cf4d528]" name="aftermethod" is-config="true" duration-ms="2" started-at="2022-12-26T10:17:45 IST" finished-at="2022-12-26T10:17:45 IST">
          <params>
            <param index="0">
              <value>
                <![CDATA[[TestResult name=products status=SUCCESS method=HomePageTest.products()[pri:2, instance:com.restuarant.testcases.HomePageTest@4cf4d528] output={null}]]]>
              </value>
            </param>
          </params>
          <reporter-output>
          </reporter-output>
        </test-method> <!-- aftermethod -->
      </class> <!-- com.restuarant.testcases.HomePageTest -->
      <class name="com.restuarant.testcases.ExpensePageTest">
        <test-method status="PASS" signature="ExpenseSearch()[pri:0, instance:com.restuarant.testcases.ExpensePageTest@2f0a87b3]" name="ExpenseSearch" duration-ms="7664" started-at="2022-12-26T10:19:23 IST" finished-at="2022-12-26T10:19:31 IST">
          <reporter-output>
          </reporter-output>
        </test-method> <!-- ExpenseSearch -->
        <test-method status="PASS" signature="aftermethod(org.testng.ITestResult)[pri:0, instance:com.restuarant.testcases.ExpensePageTest@2f0a87b3]" name="aftermethod" is-config="true" duration-ms="1" started-at="2022-12-26T10:19:31 IST" finished-at="2022-12-26T10:19:31 IST">
          <params>
            <param index="0">
              <value>
                <![CDATA[[TestResult name=ExpenseSearch status=SUCCESS method=ExpensePageTest.ExpenseSearch()[pri:0, instance:com.restuarant.testcases.ExpensePageTest@2f0a87b3] output={null}]]]>
              </value>
            </param>
          </params>
          <reporter-output>
          </reporter-output>
        </test-method> <!-- aftermethod -->
        <test-method status="PASS" signature="addExpence()[pri:1, instance:com.restuarant.testcases.ExpensePageTest@2f0a87b3]" name="addExpence" duration-ms="2913" started-at="2022-12-26T10:19:31 IST" finished-at="2022-12-26T10:19:34 IST">
          <reporter-output>
          </reporter-output>
        </test-method> <!-- addExpence -->
        <test-method status="PASS" signature="aftermethod(org.testng.ITestResult)[pri:0, instance:com.restuarant.testcases.ExpensePageTest@2f0a87b3]" name="aftermethod" is-config="true" duration-ms="1" started-at="2022-12-26T10:19:34 IST" finished-at="2022-12-26T10:19:34 IST">
          <params>
            <param index="0">
              <value>
                <![CDATA[[TestResult name=addExpence status=SUCCESS method=ExpensePageTest.addExpence()[pri:1, instance:com.restuarant.testcases.ExpensePageTest@2f0a87b3] output={null}]]]>
              </value>
            </param>
          </params>
          <reporter-output>
          </reporter-output>
        </test-method> <!-- aftermethod -->
        <test-method status="PASS" signature="searchExpence()[pri:2, instance:com.restuarant.testcases.ExpensePageTest@2f0a87b3]" name="searchExpence" duration-ms="472" started-at="2022-12-26T10:19:34 IST" finished-at="2022-12-26T10:19:34 IST">
          <reporter-output>
          </reporter-output>
        </test-method> <!-- searchExpence -->
        <test-method status="PASS" signature="aftermethod(org.testng.ITestResult)[pri:0, instance:com.restuarant.testcases.ExpensePageTest@2f0a87b3]" name="aftermethod" is-config="true" duration-ms="9" started-at="2022-12-26T10:19:34 IST" finished-at="2022-12-26T10:19:34 IST">
          <params>
            <param index="0">
              <value>
                <![CDATA[[TestResult name=searchExpence status=SUCCESS method=ExpensePageTest.searchExpence()[pri:2, instance:com.restuarant.testcases.ExpensePageTest@2f0a87b3] output={null}]]]>
              </value>
            </param>
          </params>
          <reporter-output>
          </reporter-output>
        </test-method> <!-- aftermethod -->
        <test-method status="PASS" signature="deleteExpence()[pri:3, instance:com.restuarant.testcases.ExpensePageTest@2f0a87b3]" name="deleteExpence" duration-ms="18387" started-at="2022-12-26T10:19:34 IST" finished-at="2022-12-26T10:19:53 IST">
          <reporter-output>
          </reporter-output>
        </test-method> <!-- deleteExpence -->
        <test-method status="PASS" signature="aftermethod(org.testng.ITestResult)[pri:0, instance:com.restuarant.testcases.ExpensePageTest@2f0a87b3]" name="aftermethod" is-config="true" duration-ms="2" started-at="2022-12-26T10:19:53 IST" finished-at="2022-12-26T10:19:53 IST">
          <params>
            <param index="0">
              <value>
                <![CDATA[[TestResult name=deleteExpence status=SUCCESS method=ExpensePageTest.deleteExpence()[pri:3, instance:com.restuarant.testcases.ExpensePageTest@2f0a87b3] output={null}]]]>
              </value>
            </param>
          </params>
          <reporter-output>
          </reporter-output>
        </test-method> <!-- aftermethod -->
        <test-method status="PASS" signature="deleteExpenceCancel()[pri:4, instance:com.restuarant.testcases.ExpensePageTest@2f0a87b3]" name="deleteExpenceCancel" duration-ms="18311" started-at="2022-12-26T10:19:53 IST" finished-at="2022-12-26T10:20:11 IST">
          <reporter-output>
          </reporter-output>
        </test-method> <!-- deleteExpenceCancel -->
        <test-method status="PASS" signature="aftermethod(org.testng.ITestResult)[pri:0, instance:com.restuarant.testcases.ExpensePageTest@2f0a87b3]" name="aftermethod" is-config="true" duration-ms="0" started-at="2022-12-26T10:20:11 IST" finished-at="2022-12-26T10:20:11 IST">
          <params>
            <param index="0">
              <value>
                <![CDATA[[TestResult name=deleteExpenceCancel status=SUCCESS method=ExpensePageTest.deleteExpenceCancel()[pri:4, instance:com.restuarant.testcases.ExpensePageTest@2f0a87b3] output={null}]]]>
              </value>
            </param>
          </params>
          <reporter-output>
          </reporter-output>
        </test-method> <!-- aftermethod -->
      </class> <!-- com.restuarant.testcases.ExpensePageTest -->
      <class name="com.restuarant.testcases.LoginPageTest">
        <test-method status="PASS" signature="beforemethod(java.lang.String)[pri:0, instance:com.restuarant.testcases.LoginPageTest@2de8284b]" name="beforemethod" is-config="true" duration-ms="13720" started-at="2022-12-26T10:16:38 IST" finished-at="2022-12-26T10:16:52 IST">
          <params>
            <param index="0">
              <value>
                <![CDATA[chrome]]>
              </value>
            </param>
          </params>
          <reporter-output>
          </reporter-output>
        </test-method> <!-- beforemethod -->
        <test-method status="PASS" signature="verifyLogo()[pri:1, instance:com.restuarant.testcases.LoginPageTest@2de8284b]" name="verifyLogo" duration-ms="65" started-at="2022-12-26T10:16:52 IST" finished-at="2022-12-26T10:16:52 IST">
          <reporter-output>
          </reporter-output>
        </test-method> <!-- verifyLogo -->
        <test-method status="PASS" signature="aftermethod(org.testng.ITestResult)[pri:0, instance:com.restuarant.testcases.LoginPageTest@2de8284b]" name="aftermethod" is-config="true" duration-ms="1" started-at="2022-12-26T10:16:52 IST" finished-at="2022-12-26T10:16:52 IST">
          <params>
            <param index="0">
              <value>
                <![CDATA[[TestResult name=verifyLogo status=SUCCESS method=LoginPageTest.verifyLogo()[pri:1, instance:com.restuarant.testcases.LoginPageTest@2de8284b] output={null}]]]>
              </value>
            </param>
          </params>
          <reporter-output>
          </reporter-output>
        </test-method> <!-- aftermethod -->
        <test-method status="PASS" signature="invalidLogin(java.lang.String,java.lang.String)[pri:2, instance:com.restuarant.testcases.LoginPageTest@2de8284b]" name="invalidLogin" duration-ms="4708" started-at="2022-12-26T10:16:52 IST" finished-at="2022-12-26T10:16:57 IST">
          <params>
            <param index="0">
              <value>
                <![CDATA[adminq]]>
              </value>
            </param>
            <param index="1">
              <value>
                <![CDATA[passwordd]]>
              </value>
            </param>
          </params>
          <reporter-output>
          </reporter-output>
        </test-method> <!-- invalidLogin -->
        <test-method status="PASS" signature="aftermethod(org.testng.ITestResult)[pri:0, instance:com.restuarant.testcases.LoginPageTest@2de8284b]" name="aftermethod" is-config="true" duration-ms="1" started-at="2022-12-26T10:16:57 IST" finished-at="2022-12-26T10:16:57 IST">
          <params>
            <param index="0">
              <value>
                <![CDATA[[TestResult name=invalidLogin status=SUCCESS method=LoginPageTest.invalidLogin(java.lang.String,java.lang.String)[pri:2, instance:com.restuarant.testcases.LoginPageTest@2de8284b] output={null}]]]>
              </value>
            </param>
          </params>
          <reporter-output>
          </reporter-output>
        </test-method> <!-- aftermethod -->
        <test-method status="PASS" signature="invalidPassword(java.lang.String,java.lang.String)[pri:3, instance:com.restuarant.testcases.LoginPageTest@2de8284b]" name="invalidPassword" duration-ms="4540" started-at="2022-12-26T10:16:57 IST" finished-at="2022-12-26T10:17:01 IST">
          <params>
            <param index="0">
              <value>
                <![CDATA[admin]]>
              </value>
            </param>
            <param index="1">
              <value>
                <![CDATA[passwordd]]>
              </value>
            </param>
          </params>
          <reporter-output>
          </reporter-output>
        </test-method> <!-- invalidPassword -->
        <test-method status="PASS" signature="aftermethod(org.testng.ITestResult)[pri:0, instance:com.restuarant.testcases.LoginPageTest@2de8284b]" name="aftermethod" is-config="true" duration-ms="1" started-at="2022-12-26T10:17:01 IST" finished-at="2022-12-26T10:17:01 IST">
          <params>
            <param index="0">
              <value>
                <![CDATA[[TestResult name=invalidPassword status=SUCCESS method=LoginPageTest.invalidPassword(java.lang.String,java.lang.String)[pri:3, instance:com.restuarant.testcases.LoginPageTest@2de8284b] output={null}]]]>
              </value>
            </param>
          </params>
          <reporter-output>
          </reporter-output>
        </test-method> <!-- aftermethod -->
        <test-method status="PASS" signature="invalidUsername(java.lang.String,java.lang.String)[pri:4, instance:com.restuarant.testcases.LoginPageTest@2de8284b]" name="invalidUsername" duration-ms="4793" started-at="2022-12-26T10:17:01 IST" finished-at="2022-12-26T10:17:06 IST">
          <params>
            <param index="0">
              <value>
                <![CDATA[adminq]]>
              </value>
            </param>
            <param index="1">
              <value>
                <![CDATA[password]]>
              </value>
            </param>
          </params>
          <reporter-output>
          </reporter-output>
        </test-method> <!-- invalidUsername -->
        <test-method status="PASS" signature="aftermethod(org.testng.ITestResult)[pri:0, instance:com.restuarant.testcases.LoginPageTest@2de8284b]" name="aftermethod" is-config="true" duration-ms="1" started-at="2022-12-26T10:17:06 IST" finished-at="2022-12-26T10:17:06 IST">
          <params>
            <param index="0">
              <value>
                <![CDATA[[TestResult name=invalidUsername status=SUCCESS method=LoginPageTest.invalidUsername(java.lang.String,java.lang.String)[pri:4, instance:com.restuarant.testcases.LoginPageTest@2de8284b] output={null}]]]>
              </value>
            </param>
          </params>
          <reporter-output>
          </reporter-output>
        </test-method> <!-- aftermethod -->
        <test-method status="PASS" signature="blankUsername(java.lang.String,java.lang.String)[pri:5, instance:com.restuarant.testcases.LoginPageTest@2de8284b]" name="blankUsername" duration-ms="4178" started-at="2022-12-26T10:17:06 IST" finished-at="2022-12-26T10:17:10 IST">
          <params>
            <param index="0">
              <value>
                <![CDATA[]]>
              </value>
            </param>
            <param index="1">
              <value>
                <![CDATA[password]]>
              </value>
            </param>
          </params>
          <reporter-output>
          </reporter-output>
        </test-method> <!-- blankUsername -->
        <test-method status="PASS" signature="aftermethod(org.testng.ITestResult)[pri:0, instance:com.restuarant.testcases.LoginPageTest@2de8284b]" name="aftermethod" is-config="true" duration-ms="0" started-at="2022-12-26T10:17:10 IST" finished-at="2022-12-26T10:17:10 IST">
          <params>
            <param index="0">
              <value>
                <![CDATA[[TestResult name=blankUsername status=SUCCESS method=LoginPageTest.blankUsername(java.lang.String,java.lang.String)[pri:5, instance:com.restuarant.testcases.LoginPageTest@2de8284b] output={null}]]]>
              </value>
            </param>
          </params>
          <reporter-output>
          </reporter-output>
        </test-method> <!-- aftermethod -->
        <test-method status="PASS" signature="blankPassword(java.lang.String,java.lang.String)[pri:6, instance:com.restuarant.testcases.LoginPageTest@2de8284b]" name="blankPassword" duration-ms="3456" started-at="2022-12-26T10:17:10 IST" finished-at="2022-12-26T10:17:14 IST">
          <params>
            <param index="0">
              <value>
                <![CDATA[adminq]]>
              </value>
            </param>
            <param index="1">
              <value>
                <![CDATA[]]>
              </value>
            </param>
          </params>
          <reporter-output>
          </reporter-output>
        </test-method> <!-- blankPassword -->
        <test-method status="PASS" signature="aftermethod(org.testng.ITestResult)[pri:0, instance:com.restuarant.testcases.LoginPageTest@2de8284b]" name="aftermethod" is-config="true" duration-ms="6" started-at="2022-12-26T10:17:14 IST" finished-at="2022-12-26T10:17:14 IST">
          <params>
            <param index="0">
              <value>
                <![CDATA[[TestResult name=blankPassword status=SUCCESS method=LoginPageTest.blankPassword(java.lang.String,java.lang.String)[pri:6, instance:com.restuarant.testcases.LoginPageTest@2de8284b] output={null}]]]>
              </value>
            </param>
          </params>
          <reporter-output>
          </reporter-output>
        </test-method> <!-- aftermethod -->
        <test-method status="PASS" signature="blankUsernamePassword(java.lang.String,java.lang.String)[pri:7, instance:com.restuarant.testcases.LoginPageTest@2de8284b]" name="blankUsernamePassword" duration-ms="3414" started-at="2022-12-26T10:17:14 IST" finished-at="2022-12-26T10:17:17 IST">
          <params>
            <param index="0">
              <value>
                <![CDATA[]]>
              </value>
            </param>
            <param index="1">
              <value>
                <![CDATA[]]>
              </value>
            </param>
          </params>
          <reporter-output>
          </reporter-output>
        </test-method> <!-- blankUsernamePassword -->
        <test-method status="PASS" signature="aftermethod(org.testng.ITestResult)[pri:0, instance:com.restuarant.testcases.LoginPageTest@2de8284b]" name="aftermethod" is-config="true" duration-ms="1" started-at="2022-12-26T10:17:17 IST" finished-at="2022-12-26T10:17:17 IST">
          <params>
            <param index="0">
              <value>
                <![CDATA[[TestResult name=blankUsernamePassword status=SUCCESS method=LoginPageTest.blankUsernamePassword(java.lang.String,java.lang.String)[pri:7, instance:com.restuarant.testcases.LoginPageTest@2de8284b] output={null}]]]>
              </value>
            </param>
          </params>
          <reporter-output>
          </reporter-output>
        </test-method> <!-- aftermethod -->
        <test-method status="PASS" signature="login()[pri:8, instance:com.restuarant.testcases.LoginPageTest@2de8284b]" name="login" duration-ms="8716" started-at="2022-12-26T10:17:17 IST" finished-at="2022-12-26T10:17:26 IST">
          <reporter-output>
          </reporter-output>
        </test-method> <!-- login -->
        <test-method status="PASS" signature="aftermethod(org.testng.ITestResult)[pri:0, instance:com.restuarant.testcases.LoginPageTest@2de8284b]" name="aftermethod" is-config="true" duration-ms="0" started-at="2022-12-26T10:17:26 IST" finished-at="2022-12-26T10:17:26 IST">
          <params>
            <param index="0">
              <value>
                <![CDATA[[TestResult name=login status=SUCCESS method=LoginPageTest.login()[pri:8, instance:com.restuarant.testcases.LoginPageTest@2de8284b] output={null}]]]>
              </value>
            </param>
          </params>
          <reporter-output>
          </reporter-output>
        </test-method> <!-- aftermethod -->
        <test-method status="PASS" signature="closebrowser()[pri:0, instance:com.restuarant.testcases.LoginPageTest@2de8284b]" name="closebrowser" is-config="true" duration-ms="423" started-at="2022-12-26T10:20:37 IST" finished-at="2022-12-26T10:20:37 IST">
          <reporter-output>
          </reporter-output>
        </test-method> <!-- closebrowser -->
      </class> <!-- com.restuarant.testcases.LoginPageTest -->
      <class name="com.restuarant.testcases.PeoplesPageTest">
        <test-method status="PASS" signature="SelectPeople()[pri:1, instance:com.restuarant.testcases.PeoplesPageTest@fcd6521]" name="SelectPeople" duration-ms="5755" started-at="2022-12-26T10:20:12 IST" finished-at="2022-12-26T10:20:18 IST">
          <reporter-output>
          </reporter-output>
        </test-method> <!-- SelectPeople -->
        <test-method status="PASS" signature="aftermethod(org.testng.ITestResult)[pri:0, instance:com.restuarant.testcases.PeoplesPageTest@fcd6521]" name="aftermethod" is-config="true" duration-ms="2" started-at="2022-12-26T10:20:18 IST" finished-at="2022-12-26T10:20:18 IST">
          <params>
            <param index="0">
              <value>
                <![CDATA[[TestResult name=SelectPeople status=SUCCESS method=PeoplesPageTest.SelectPeople()[pri:1, instance:com.restuarant.testcases.PeoplesPageTest@fcd6521] output={null}]]]>
              </value>
            </param>
          </params>
          <reporter-output>
          </reporter-output>
        </test-method> <!-- aftermethod -->
        <test-method status="PASS" signature="SearchWaiternotPresent()[pri:2, instance:com.restuarant.testcases.PeoplesPageTest@fcd6521]" name="SearchWaiternotPresent" duration-ms="300" started-at="2022-12-26T10:20:18 IST" finished-at="2022-12-26T10:20:19 IST">
          <reporter-output>
          </reporter-output>
        </test-method> <!-- SearchWaiternotPresent -->
        <test-method status="PASS" signature="aftermethod(org.testng.ITestResult)[pri:0, instance:com.restuarant.testcases.PeoplesPageTest@fcd6521]" name="aftermethod" is-config="true" duration-ms="2" started-at="2022-12-26T10:20:19 IST" finished-at="2022-12-26T10:20:19 IST">
          <params>
            <param index="0">
              <value>
                <![CDATA[[TestResult name=SearchWaiternotPresent status=SUCCESS method=PeoplesPageTest.SearchWaiternotPresent()[pri:2, instance:com.restuarant.testcases.PeoplesPageTest@fcd6521] output={null}]]]>
              </value>
            </param>
          </params>
          <reporter-output>
          </reporter-output>
        </test-method> <!-- aftermethod -->
        <test-method status="PASS" signature="SearchWaiterPresent()[pri:3, instance:com.restuarant.testcases.PeoplesPageTest@fcd6521]" name="SearchWaiterPresent" duration-ms="3296" started-at="2022-12-26T10:20:19 IST" finished-at="2022-12-26T10:20:22 IST">
          <reporter-output>
          </reporter-output>
        </test-method> <!-- SearchWaiterPresent -->
        <test-method status="PASS" signature="aftermethod(org.testng.ITestResult)[pri:0, instance:com.restuarant.testcases.PeoplesPageTest@fcd6521]" name="aftermethod" is-config="true" duration-ms="0" started-at="2022-12-26T10:20:22 IST" finished-at="2022-12-26T10:20:22 IST">
          <params>
            <param index="0">
              <value>
                <![CDATA[[TestResult name=SearchWaiterPresent status=SUCCESS method=PeoplesPageTest.SearchWaiterPresent()[pri:3, instance:com.restuarant.testcases.PeoplesPageTest@fcd6521] output={null}]]]>
              </value>
            </param>
          </params>
          <reporter-output>
          </reporter-output>
        </test-method> <!-- aftermethod -->
        <test-method status="PASS" signature="SelectCustomer()[pri:4, instance:com.restuarant.testcases.PeoplesPageTest@fcd6521]" name="SelectCustomer" duration-ms="5333" started-at="2022-12-26T10:20:22 IST" finished-at="2022-12-26T10:20:27 IST">
          <reporter-output>
          </reporter-output>
        </test-method> <!-- SelectCustomer -->
        <test-method status="PASS" signature="aftermethod(org.testng.ITestResult)[pri:0, instance:com.restuarant.testcases.PeoplesPageTest@fcd6521]" name="aftermethod" is-config="true" duration-ms="1" started-at="2022-12-26T10:20:27 IST" finished-at="2022-12-26T10:20:27 IST">
          <params>
            <param index="0">
              <value>
                <![CDATA[[TestResult name=SelectCustomer status=SUCCESS method=PeoplesPageTest.SelectCustomer()[pri:4, instance:com.restuarant.testcases.PeoplesPageTest@fcd6521] output={null}]]]>
              </value>
            </param>
          </params>
          <reporter-output>
          </reporter-output>
        </test-method> <!-- aftermethod -->
        <test-method status="PASS" signature="SearchCustomernotPresent()[pri:5, instance:com.restuarant.testcases.PeoplesPageTest@fcd6521]" name="SearchCustomernotPresent" duration-ms="3321" started-at="2022-12-26T10:20:27 IST" finished-at="2022-12-26T10:20:31 IST">
          <reporter-output>
          </reporter-output>
        </test-method> <!-- SearchCustomernotPresent -->
        <test-method status="PASS" signature="aftermethod(org.testng.ITestResult)[pri:0, instance:com.restuarant.testcases.PeoplesPageTest@fcd6521]" name="aftermethod" is-config="true" duration-ms="0" started-at="2022-12-26T10:20:31 IST" finished-at="2022-12-26T10:20:31 IST">
          <params>
            <param index="0">
              <value>
                <![CDATA[[TestResult name=SearchCustomernotPresent status=SUCCESS method=PeoplesPageTest.SearchCustomernotPresent()[pri:5, instance:com.restuarant.testcases.PeoplesPageTest@fcd6521] output={null}]]]>
              </value>
            </param>
          </params>
          <reporter-output>
          </reporter-output>
        </test-method> <!-- aftermethod -->
        <test-method status="PASS" signature="SearchCustomerPresent()[pri:6, instance:com.restuarant.testcases.PeoplesPageTest@fcd6521]" name="SearchCustomerPresent" duration-ms="409" started-at="2022-12-26T10:20:31 IST" finished-at="2022-12-26T10:20:31 IST">
          <reporter-output>
          </reporter-output>
        </test-method> <!-- SearchCustomerPresent -->
        <test-method status="PASS" signature="aftermethod(org.testng.ITestResult)[pri:0, instance:com.restuarant.testcases.PeoplesPageTest@fcd6521]" name="aftermethod" is-config="true" duration-ms="0" started-at="2022-12-26T10:20:31 IST" finished-at="2022-12-26T10:20:31 IST">
          <params>
            <param index="0">
              <value>
                <![CDATA[[TestResult name=SearchCustomerPresent status=SUCCESS method=PeoplesPageTest.SearchCustomerPresent()[pri:6, instance:com.restuarant.testcases.PeoplesPageTest@fcd6521] output={null}]]]>
              </value>
            </param>
          </params>
          <reporter-output>
          </reporter-output>
        </test-method> <!-- aftermethod -->
        <test-method status="PASS" signature="addNewCustomer()[pri:7, instance:com.restuarant.testcases.PeoplesPageTest@fcd6521]" name="addNewCustomer" duration-ms="5846" started-at="2022-12-26T10:20:31 IST" finished-at="2022-12-26T10:20:37 IST">
          <reporter-output>
          </reporter-output>
        </test-method> <!-- addNewCustomer -->
        <test-method status="PASS" signature="aftermethod(org.testng.ITestResult)[pri:0, instance:com.restuarant.testcases.PeoplesPageTest@fcd6521]" name="aftermethod" is-config="true" duration-ms="15" started-at="2022-12-26T10:20:37 IST" finished-at="2022-12-26T10:20:37 IST">
          <params>
            <param index="0">
              <value>
                <![CDATA[[TestResult name=addNewCustomer status=SUCCESS method=PeoplesPageTest.addNewCustomer()[pri:7, instance:com.restuarant.testcases.PeoplesPageTest@fcd6521] output={null}]]]>
              </value>
            </param>
          </params>
          <reporter-output>
          </reporter-output>
        </test-method> <!-- aftermethod -->
      </class> <!-- com.restuarant.testcases.PeoplesPageTest -->
    </test> <!-- Test -->
  </suite> <!-- Suite -->
</testng-results>
